<?xml version="1.0" encoding="UTF-8"?>
<!-- Generated by org.testng.reporters.JUnitReportReporter -->
<testsuite hostname="LTIN462803" failures="0" tests="7" name="prjt.oneC" time="35.090" errors="0" timestamp="2024-09-09T16:14:18 IST" skipped="0">
  <testcase classname="prjt.oneC" name="Associate360_navigation" time="1.322"/>
  <system-out/>
  <testcase classname="prjt.oneC" name="DetailsExtraction" time="10.995"/>
  <system-out/>
  <testcase classname="prjt.oneC" name="personal_subheaders" time="0.672"/>
  <system-out/>
  <testcase classname="prjt.oneC" name="Education_subheaders" time="0.549"/>
  <system-out/>
  <testcase classname="prjt.oneC" name="Experience_subheaders" time="10.277"/>
  <system-out/>
  <testcase classname="prjt.oneC" name="travel_subheaders" time="0.270"/>
  <system-out/>
  <testcase classname="prjt.oneC" name="details_validation" time="11.005"/>
  <system-out/>
</testsuite> <!-- prjt.oneC -->
